<?xml version="1.0" encoding="UTF-8"?>
<testng-results skipped="0" failed="0" ignored="0" total="1" passed="1">
  <reporter-output>
  </reporter-output>
  <suite name="Default suite" duration-ms="4899" started-at="2019-12-06T00:49:44Z" finished-at="2019-12-06T00:49:49Z">
    <groups>
    </groups>
    <test name="Default test" duration-ms="4899" started-at="2019-12-06T00:49:44Z" finished-at="2019-12-06T00:49:49Z">
      <class name="com.qa.GoogleAPI.POSTRequest">
        <test-method status="PASS" signature="RegisterUserPOSTAPI()[pri:0, instance:com.qa.GoogleAPI.POSTRequest@3632be31]" name="RegisterUserPOSTAPI" duration-ms="4814" started-at="2019-12-06T00:49:44Z" finished-at="2019-12-06T00:49:49Z">
          <reporter-output>
          </reporter-output>
        </test-method> <!-- RegisterUserPOSTAPI -->
      </class> <!-- com.qa.GoogleAPI.POSTRequest -->
    </test> <!-- Default test -->
  </suite> <!-- Default suite -->
</testng-results>
